<?xml version="1.0" encoding="UTF-8"?>
<robot generator="Robot 7.2.2 (Python 3.13.3 on win32)" generated="2025-05-27T15:17:27.784467" rpa="false" schemaversion="5">
<suite id="s1" name="Zoodex-Automation-Test" source="C:\Users\MatinRK\Documents\Projects\zoodex-automation-test">
<suite id="s1-s1" name="Tests" source="C:\Users\MatinRK\Documents\Projects\zoodex-automation-test\tests">
<suite id="s1-s1-s1" name="Desktop" source="C:\Users\MatinRK\Documents\Projects\zoodex-automation-test\tests\desktop">
<suite id="s1-s1-s1-s1" name="Shopping Card" source="C:\Users\MatinRK\Documents\Projects\zoodex-automation-test\tests\desktop\shopping_card.robot">
<kw name="Initialize Browser" owner="common" type="SETUP">
<kw name="Open Browser" owner="SeleniumLibrary">
<msg time="2025-05-27T15:17:28.257835" level="INFO">Opening browser 'chrome' to base url 'https://zoodex.ir'.</msg>
<arg>${zoodex_url}</arg>
<arg>${browser}</arg>
<doc>Opens a new browser instance to the optional ``url``.</doc>
<status status="PASS" start="2025-05-27T15:17:28.257209" elapsed="4.821542"/>
</kw>
<kw name="Maximize Browser Window" owner="SeleniumLibrary">
<doc>Maximizes current browser window.</doc>
<status status="PASS" start="2025-05-27T15:17:33.079374" elapsed="0.123350"/>
</kw>
<kw name="Set Selenium Speed" owner="SeleniumLibrary">
<arg>0.2s</arg>
<doc>Sets the delay that is waited after each Selenium command.</doc>
<status status="PASS" start="2025-05-27T15:17:33.204555" elapsed="0.001069"/>
</kw>
<status status="PASS" start="2025-05-27T15:17:28.256278" elapsed="4.949638"/>
</kw>
<test id="s1-s1-s1-s1-t1" name="shopping Cart Desktop" line="11">
<kw name="Go To Zoodex" owner="common" type="SETUP">
<kw name="Go To" owner="SeleniumLibrary">
<msg time="2025-05-27T15:17:33.217279" level="INFO">Opening url 'https://zoodex.ir'</msg>
<arg>${zoodex_url}</arg>
<doc>Navigates the current browser window to the provided ``url``.</doc>
<status status="PASS" start="2025-05-27T15:17:33.215653" elapsed="0.300267"/>
</kw>
<kw name="Wait Until Element Is Visible" owner="SeleniumLibrary">
<arg>${logo}</arg>
<arg>${timeout}</arg>
<doc>Waits until the element ``locator`` is visible.</doc>
<status status="PASS" start="2025-05-27T15:17:33.516379" elapsed="0.598914"/>
</kw>
<doc>Go to zoodex URL and wait for logo</doc>
<status status="PASS" start="2025-05-27T15:17:33.209111" elapsed="0.906561"/>
</kw>
<kw name="Close Desktop Modal" owner="common">
<kw name="Wait Until Element Is Visible" owner="SeleniumLibrary">
<arg>${close_dialog}</arg>
<arg>${timeout}</arg>
<doc>Waits until the element ``locator`` is visible.</doc>
<status status="PASS" start="2025-05-27T15:17:34.117286" elapsed="0.838399"/>
</kw>
<kw name="Click Element" owner="SeleniumLibrary">
<msg time="2025-05-27T15:17:34.958974" level="INFO">Clicking element 'id=close-dialog'.</msg>
<arg>${close_dialog}</arg>
<doc>Click the element identified by ``locator``.</doc>
<status status="PASS" start="2025-05-27T15:17:34.957278" elapsed="0.665999"/>
</kw>
<doc>Dismiss any modal or popup that appears on the homepage</doc>
<status status="PASS" start="2025-05-27T15:17:34.116402" elapsed="1.507519"/>
</kw>
<kw name="Execute Javascript" owner="SeleniumLibrary">
<msg time="2025-05-27T15:17:35.628348" level="INFO">Executing JavaScript:
window.scrollBy(0, 500)
Without any arguments.</msg>
<arg>window.scrollBy(0, 500)</arg>
<doc>Executes the given JavaScript code with possible arguments.</doc>
<status status="PASS" start="2025-05-27T15:17:35.627168" elapsed="0.210250"/>
</kw>
<kw name="Wait Until Element Is Visible" owner="SeleniumLibrary">
<arg>${kabab_khoran}</arg>
<arg>${timeout}</arg>
<doc>Waits until the element ``locator`` is visible.</doc>
<status status="PASS" start="2025-05-27T15:17:35.837960" elapsed="0.455131"/>
</kw>
<kw name="Click Element" owner="SeleniumLibrary">
<msg time="2025-05-27T15:17:36.295260" level="INFO">Clicking element 'id=specials-0'.</msg>
<arg>${kabab_khoran}</arg>
<doc>Click the element identified by ``locator``.</doc>
<status status="PASS" start="2025-05-27T15:17:36.294583" elapsed="0.573505"/>
</kw>
<kw name="Sleep" owner="BuiltIn">
<msg time="2025-05-27T15:17:37.872154" level="INFO">Slept 1 second.</msg>
<arg>1s</arg>
<doc>Pauses the test executed for the given time.</doc>
<status status="PASS" start="2025-05-27T15:17:36.870071" elapsed="1.003021"/>
</kw>
<kw name="Wait Until Element Is Visible" owner="SeleniumLibrary">
<arg>${menu_1}</arg>
<arg>${timeout}</arg>
<doc>Waits until the element ``locator`` is visible.</doc>
<status status="PASS" start="2025-05-27T15:17:37.873984" elapsed="0.466558"/>
</kw>
<kw name="Click Element" owner="SeleniumLibrary">
<msg time="2025-05-27T15:17:38.342331" level="INFO">Clicking element 'id=cat-20833'.</msg>
<arg>${menu_1}</arg>
<doc>Click the element identified by ``locator``.</doc>
<status status="PASS" start="2025-05-27T15:17:38.341533" elapsed="0.569571"/>
</kw>
<kw name="Sleep" owner="BuiltIn">
<msg time="2025-05-27T15:17:40.912531" level="INFO">Slept 2 seconds.</msg>
<arg>2s</arg>
<doc>Pauses the test executed for the given time.</doc>
<status status="PASS" start="2025-05-27T15:17:38.911674" elapsed="2.001355"/>
</kw>
<kw name="Wait Until Element Is Visible" owner="SeleniumLibrary">
<arg>${add_item}</arg>
<arg>${timeout}</arg>
<doc>Waits until the element ``locator`` is visible.</doc>
<status status="PASS" start="2025-05-27T15:17:40.914152" elapsed="0.459447"/>
</kw>
<kw name="Click Element" owner="SeleniumLibrary">
<msg time="2025-05-27T15:17:41.377964" level="INFO">Clicking element 'id=product-add-50682'.</msg>
<arg>${add_item}</arg>
<doc>Click the element identified by ``locator``.</doc>
<status status="PASS" start="2025-05-27T15:17:41.376046" elapsed="0.558642"/>
</kw>
<kw name="Sleep" owner="BuiltIn">
<msg time="2025-05-27T15:17:43.939956" level="INFO">Slept 2 seconds.</msg>
<arg>2s</arg>
<doc>Pauses the test executed for the given time.</doc>
<status status="PASS" start="2025-05-27T15:17:41.936669" elapsed="2.003996"/>
</kw>
<kw name="Wait Until Element Is Visible" owner="SeleniumLibrary">
<arg>${cart_b}</arg>
<arg>${timeout}</arg>
<doc>Waits until the element ``locator`` is visible.</doc>
<status status="PASS" start="2025-05-27T15:17:43.941809" elapsed="0.463621"/>
</kw>
<kw name="Click Element" owner="SeleniumLibrary">
<msg time="2025-05-27T15:17:44.409497" level="INFO">Clicking element 'id=cart-btn'.</msg>
<arg>${cart_b}</arg>
<doc>Click the element identified by ``locator``.</doc>
<status status="PASS" start="2025-05-27T15:17:44.407729" elapsed="0.563784"/>
</kw>
<kw name="Wait Until Element Is Visible" owner="SeleniumLibrary">
<arg>${food_num}</arg>
<doc>Waits until the element ``locator`` is visible.</doc>
<status status="PASS" start="2025-05-27T15:17:44.974171" elapsed="0.432903"/>
</kw>
<kw name="Capture Page Screenshot" owner="SeleniumLibrary" type="TEARDOWN">
<msg time="2025-05-27T15:17:45.784577" level="INFO" html="true">&lt;/td&gt;&lt;/tr&gt;&lt;tr&gt;&lt;td colspan="3"&gt;&lt;a href="selenium-screenshot-52.png"&gt;&lt;img src="selenium-screenshot-52.png" width="800px"&gt;&lt;/a&gt;</msg>
<doc>Takes a screenshot of the current page and embeds it into a log file.</doc>
<status status="PASS" start="2025-05-27T15:17:45.408005" elapsed="0.377909"/>
</kw>
<status status="PASS" start="2025-05-27T15:17:33.206452" elapsed="12.582647"/>
</test>
<kw name="Close All Browsers" owner="SeleniumLibrary" type="TEARDOWN">
<doc>Closes all open browsers and resets the browser cache.</doc>
<status status="PASS" start="2025-05-27T15:17:45.798157" elapsed="2.415899"/>
</kw>
<status status="PASS" start="2025-05-27T15:17:27.827152" elapsed="20.387598"/>
</suite>
<status status="PASS" start="2025-05-27T15:17:27.823348" elapsed="20.396420"/>
</suite>
<status status="PASS" start="2025-05-27T15:17:27.819856" elapsed="20.401960"/>
</suite>
<status status="PASS" start="2025-05-27T15:17:27.790041" elapsed="20.433577"/>
</suite>
<statistics>
<total>
<stat pass="1" fail="0" skip="0">All Tests</stat>
</total>
<tag>
</tag>
<suite>
<stat name="Zoodex-Automation-Test" id="s1" pass="1" fail="0" skip="0">Zoodex-Automation-Test</stat>
<stat name="Tests" id="s1-s1" pass="1" fail="0" skip="0">Zoodex-Automation-Test.Tests</stat>
<stat name="Desktop" id="s1-s1-s1" pass="1" fail="0" skip="0">Zoodex-Automation-Test.Tests.Desktop</stat>
<stat name="Shopping Card" id="s1-s1-s1-s1" pass="1" fail="0" skip="0">Zoodex-Automation-Test.Tests.Desktop.Shopping Card</stat>
</suite>
</statistics>
<errors>
</errors>
</robot>
